<?xml version="1.0" encoding="UTF-8"?>
<testsuite name="testSuite.Prueba" tests="1" skipped="0" failures="0" errors="0" timestamp="2022-05-06T18:39:11" hostname="CFERFUL-PC" time="1.403">
  <properties/>
  <testcase name="buscarinformacion" classname="testSuite.Prueba" time="1.403"/>
  <system-out><![CDATA[]]></system-out>
  <system-err><![CDATA[]]></system-err>
</testsuite>
