<?xml version="1.0" encoding="UTF-8"?>
<testsuite name="testSuite.Prueba" tests="1" skipped="0" failures="0" errors="0" timestamp="2022-05-06T17:05:24" hostname="NBEXADD5XD3" time="2.749">
  <properties/>
  <testcase name="buscarinformacion" classname="testSuite.Prueba" time="2.749"/>
  <system-out><![CDATA[]]></system-out>
  <system-err><![CDATA[]]></system-err>
</testsuite>
